d558e95b-08c4-4c42-b17a-dd6de6332e26,OpsManager,2024-06-26 17:06:03.964,Microsoft-Windows-Security-Auditing,Security,forensicsacl2,0,Information,<Param>S-1-5-18</Param><Param>forensicsacl2$</Param><Param>WORKGROUP</Param><Param>0x3e7</Param><Param>S-1-5-18</Param><Param>SYSTEM</Param><Param>NT AUTHORITY</Param><Param>0x3e7</Param><Param>5</Param><Param>Advapi  </Param><Param>Negotiate</Param><Param>-</Param><Param>{00000000-0000-0000-0000-000000000000}</Param><Param>-</Param><Param>-</Param><Param>0</Param><Param>0x2e8</Param><Param>C:\Windows\System32\services.exe</Param><Param>-</Param><Param>-</Param><Param>%%1833</Param><Param>-</Param><Param>-</Param><Param>-</Param><Param>%%1843</Param><Param>0x0</Param><Param>%%1842</Param>,"<DataItem Type=""System.XmlData"" time=""2024-06-26T17:06:03.9641161Z"" sourceHealthServiceId=""a0cf1214-78a1-4446-8ef1-04b39ec9b972""><EventData xmlns=""http://schemas.microsoft.com/win/2004/08/events/event""><Data Name=""SubjectUserSid"">S-1-5-18</Data><Data Name=""SubjectUserName"">forensicsacl2$</Data><Data Name=""SubjectDomainName"">WORKGROUP</Data><Data Name=""SubjectLogonId"">0x3e7</Data><Data Name=""TargetUserSid"">S-1-5-18</Data><Data Name=""TargetUserName"">SYSTEM</Data><Data Name=""TargetDomainName"">NT AUTHORITY</Data><Data Name=""TargetLogonId"">0x3e7</Data><Data Name=""LogonType"">5</Data><Data Name=""LogonProcessName"">Advapi  </Data><Data Name=""AuthenticationPackageName"">Negotiate</Data><Data Name=""WorkstationName"">-</Data><Data Name=""LogonGuid"">{00000000-0000-0000-0000-000000000000}</Data><Data Name=""TransmittedServices"">-</Data><Data Name=""LmPackageName"">-</Data><Data Name=""KeyLength"">0</Data><Data Name=""ProcessId"">0x2e8</Data><Data Name=""ProcessName"">C:\Windows\System32\services.exe</Data><Data Name=""IpAddress"">-</Data><Data Name=""IpPort"">-</Data><Data Name=""ImpersonationLevel"">%%1833</Data><Data Name=""RestrictedAdminMode"">-</Data><Data Name=""TargetOutboundUserName"">-</Data><Data Name=""TargetOutboundDomainName"">-</Data><Data Name=""VirtualAccount"">%%1843</Data><Data Name=""TargetLinkedLogonId"">0x0</Data><Data Name=""ElevatedToken"">%%1842</Data></EventData></DataItem>",4624,"An account was successfully logged on.  Subject: 	Security ID:		S-1-5-18 	Account Name:		forensicsacl2$ 	Account Domain:		WORKGROUP 	Logon ID:		0x3E7  Logon Information: 	Logon Type:		5 	Restricted Admin Mode:	- 	Virtual Account:		No 	Elevated Token:		Yes  Impersonation Level:		Impersonation  New Logon: 	Security ID:		S-1-5-18 	Account Name:		SYSTEM 	Account Domain:		NT AUTHORITY 	Logon ID:		0x3E7 	Linked Logon ID:		0x0 	Network Account Name:	- 	Network Account Domain:	- 	Logon GUID:		{00000000-0000-0000-0000-000000000000}  Process Information: 	Process ID:		0x2e8 	Process Name:		C:\Windows\System32\services.exe  Network Information: 	Workstation Name:	- 	Source Network Address:	- 	Source Port:		-  Detailed Authentication Information: 	Logon Process:		Advapi   	Authentication Package:	Negotiate 	Transited Services:	- 	Package Name (NTLM only):	- 	Key Length:		0  This event is generated when a logon session is created. It is generated on the computer that was accessed.  The subject fields indicate the account on the local system which requested the logon. This is most commonly a service such as the Server service, or a local process such as Winlogon.exe or Services.exe.  The logon type field indicates the kind of logon that occurred. The most common types are 2 (interactive) and 3 (network).  The New Logon fields indicate the account for whom the new logon was created, i.e. the account that was logged on.  The network fields indicate where a remote logon request originated. Workstation name is not always available and may be left blank in some cases.  The impersonation level field indicates the extent to which a process in the logon session can impersonate.  The authentication information fields provide detailed information about this specific logon request. 	- Logon GUID is a unique identifier that can be used to correlate this event with a KDC event. 	- Transited services indicate which intermediate services have participated in this logon request. 	- Package name indicates which sub-protocol was used among the NTLM protocols. 	- Key length indicates the length of the generated session key. This will be 0 if no session key was requested.",,,Auditing,,,00000000-0000-0000-0000-000000000001,AOI-d558e95b-08c4-4c42-b17a-dd6de6332e26,Event,/subscriptions/da2ead26-5eba-476e-90f5-13d2028a4531/resourcegroups/cloudforensics_group/providers/microsoft.compute/virtualmachines/forensicsacl2,2024-06-26 17:06:03.964,2,4.426,26,5.0,1,1.2215714285714285,2024-06-26 17:06:00
d558e95b-08c4-4c42-b17a-dd6de6332e26,OpsManager,2024-06-26 17:06:03.964,Microsoft-Windows-Security-Auditing,Security,forensicsacl2,0,Information,<Param>S-1-5-18</Param><Param>SYSTEM</Param><Param>NT AUTHORITY</Param><Param>0x3e7</Param><Param>SeAssignPrimaryTokenPrivilege 			SeTcbPrivilege 			SeSecurityPrivilege 			SeTakeOwnershipPrivilege 			SeLoadDriverPrivilege 			SeBackupPrivilege 			SeRestorePrivilege 			SeDebugPrivilege 			SeAuditPrivilege 			SeSystemEnvironmentPrivilege 			SeImpersonatePrivilege 			SeDelegateSessionUserImpersonatePrivilege</Param>,"<DataItem Type=""System.XmlData"" time=""2024-06-26T17:06:03.9641270Z"" sourceHealthServiceId=""a0cf1214-78a1-4446-8ef1-04b39ec9b972""><EventData xmlns=""http://schemas.microsoft.com/win/2004/08/events/event""><Data Name=""SubjectUserSid"">S-1-5-18</Data><Data Name=""SubjectUserName"">SYSTEM</Data><Data Name=""SubjectDomainName"">NT AUTHORITY</Data><Data Name=""SubjectLogonId"">0x3e7</Data><Data Name=""PrivilegeList"">SeAssignPrimaryTokenPrivilege 			SeTcbPrivilege 			SeSecurityPrivilege 			SeTakeOwnershipPrivilege 			SeLoadDriverPrivilege 			SeBackupPrivilege 			SeRestorePrivilege 			SeDebugPrivilege 			SeAuditPrivilege 			SeSystemEnvironmentPrivilege 			SeImpersonatePrivilege 			SeDelegateSessionUserImpersonatePrivilege</Data></EventData></DataItem>",4672,Special privileges assigned to new logon.  Subject: 	Security ID:		S-1-5-18 	Account Name:		SYSTEM 	Account Domain:		NT AUTHORITY 	Logon ID:		0x3E7  Privileges:		SeAssignPrimaryTokenPrivilege 			SeTcbPrivilege 			SeSecurityPrivilege 			SeTakeOwnershipPrivilege 			SeLoadDriverPrivilege 			SeBackupPrivilege 			SeRestorePrivilege 			SeDebugPrivilege 			SeAuditPrivilege 			SeSystemEnvironmentPrivilege 			SeImpersonatePrivilege 			SeDelegateSessionUserImpersonatePrivilege,,,Auditing,,,00000000-0000-0000-0000-000000000001,AOI-d558e95b-08c4-4c42-b17a-dd6de6332e26,Event,/subscriptions/da2ead26-5eba-476e-90f5-13d2028a4531/resourcegroups/cloudforensics_group/providers/microsoft.compute/virtualmachines/forensicsacl2,2024-06-26 17:06:03.964,2,0.0,26,5.0,1,12.299045454545455,2024-06-26 17:06:00
d558e95b-08c4-4c42-b17a-dd6de6332e26,OpsManager,2024-06-26 17:06:04.046,Microsoft-Windows-Security-Auditing,Security,forensicsacl2,0,Information,<Param>S-1-5-21-1413295808-2032686517-1925176222-500</Param><Param>forensicsacl2</Param><Param>forensicsacl2</Param><Param>0x38c895</Param><Param>MicrosoftAccount:user=02alysbxkrazhqmm</Param><Param>0</Param><Param>0</Param><Param>%%8100</Param><Param>3221226021</Param><Param>2024-06-26T17:01:07.0391904Z</Param><Param>5396</Param>,"<DataItem Type=""System.XmlData"" time=""2024-06-26T17:06:04.0462866Z"" sourceHealthServiceId=""a0cf1214-78a1-4446-8ef1-04b39ec9b972""><EventData xmlns=""http://schemas.microsoft.com/win/2004/08/events/event""><Data Name=""SubjectUserSid"">S-1-5-21-1413295808-2032686517-1925176222-500</Data><Data Name=""SubjectUserName"">forensicsacl2</Data><Data Name=""SubjectDomainName"">forensicsacl2</Data><Data Name=""SubjectLogonId"">0x38c895</Data><Data Name=""TargetName"">MicrosoftAccount:user=02alysbxkrazhqmm</Data><Data Name=""Type"">0</Data><Data Name=""CountOfCredentialsReturned"">0</Data><Data Name=""ReadOperation"">%%8100</Data><Data Name=""ReturnCode"">3221226021</Data><Data Name=""ProcessCreationTime"">2024-06-26T17:01:07.0391904Z</Data><Data Name=""ClientProcessId"">5396</Data></EventData></DataItem>",5379,Credential Manager credentials were read.  Subject: 	Security ID:		S-1-5-21-1413295808-2032686517-1925176222-500 	Account Name:		forensicsacl2 	Account Domain:		forensicsacl2 	Logon ID:		0x38C895 	Read Operation:		Enumerate Credentials  This event occurs when a user performs a read operation on stored credentials in Credential Manager.,,,Auditing,,,00000000-0000-0000-0000-000000000001,AOI-d558e95b-08c4-4c42-b17a-dd6de6332e26,Event,/subscriptions/da2ead26-5eba-476e-90f5-13d2028a4531/resourcegroups/cloudforensics_group/providers/microsoft.compute/virtualmachines/forensicsacl2,2024-06-26 17:06:04.046,2,0.082,26,5.0,1,0.6201785714285715,2024-06-26 17:06:00
d558e95b-08c4-4c42-b17a-dd6de6332e26,OpsManager,2024-06-26 17:06:04.047,Microsoft-Windows-Security-Auditing,Security,forensicsacl2,0,Information,<Param>S-1-5-21-1413295808-2032686517-1925176222-500</Param><Param>forensicsacl2</Param><Param>forensicsacl2</Param><Param>0x38c895</Param><Param>WindowsLive:(cert):name=02alysbxkrazhqmm;serviceuri=*</Param><Param>0</Param><Param>0</Param><Param>%%8100</Param><Param>3221226021</Param><Param>2024-06-26T17:01:07.0391904Z</Param><Param>5396</Param>,"<DataItem Type=""System.XmlData"" time=""2024-06-26T17:06:04.0473445Z"" sourceHealthServiceId=""a0cf1214-78a1-4446-8ef1-04b39ec9b972""><EventData xmlns=""http://schemas.microsoft.com/win/2004/08/events/event""><Data Name=""SubjectUserSid"">S-1-5-21-1413295808-2032686517-1925176222-500</Data><Data Name=""SubjectUserName"">forensicsacl2</Data><Data Name=""SubjectDomainName"">forensicsacl2</Data><Data Name=""SubjectLogonId"">0x38c895</Data><Data Name=""TargetName"">WindowsLive:(cert):name=02alysbxkrazhqmm;serviceuri=*</Data><Data Name=""Type"">0</Data><Data Name=""CountOfCredentialsReturned"">0</Data><Data Name=""ReadOperation"">%%8100</Data><Data Name=""ReturnCode"">3221226021</Data><Data Name=""ProcessCreationTime"">2024-06-26T17:01:07.0391904Z</Data><Data Name=""ClientProcessId"">5396</Data></EventData></DataItem>",5379,Credential Manager credentials were read.  Subject: 	Security ID:		S-1-5-21-1413295808-2032686517-1925176222-500 	Account Name:		forensicsacl2 	Account Domain:		forensicsacl2 	Logon ID:		0x38C895 	Read Operation:		Enumerate Credentials  This event occurs when a user performs a read operation on stored credentials in Credential Manager.,,,Auditing,,,00000000-0000-0000-0000-000000000001,AOI-d558e95b-08c4-4c42-b17a-dd6de6332e26,Event,/subscriptions/da2ead26-5eba-476e-90f5-13d2028a4531/resourcegroups/cloudforensics_group/providers/microsoft.compute/virtualmachines/forensicsacl2,2024-06-26 17:06:04.047,2,0.001,26,5.0,1,0.6201785714285715,2024-06-26 17:06:00
d558e95b-08c4-4c42-b17a-dd6de6332e26,OpsManager,2024-06-26 17:06:04.048,Microsoft-Windows-Security-Auditing,Security,forensicsacl2,0,Information,<Param>S-1-5-21-1413295808-2032686517-1925176222-500</Param><Param>forensicsacl2</Param><Param>forensicsacl2</Param><Param>0x38c895</Param><Param>MicrosoftAccount:user=02alysbxkrazhqmm</Param><Param>0</Param><Param>0</Param><Param>%%8100</Param><Param>3221226021</Param><Param>2024-06-26T17:01:07.0391904Z</Param><Param>5396</Param>,"<DataItem Type=""System.XmlData"" time=""2024-06-26T17:06:04.0482554Z"" sourceHealthServiceId=""a0cf1214-78a1-4446-8ef1-04b39ec9b972""><EventData xmlns=""http://schemas.microsoft.com/win/2004/08/events/event""><Data Name=""SubjectUserSid"">S-1-5-21-1413295808-2032686517-1925176222-500</Data><Data Name=""SubjectUserName"">forensicsacl2</Data><Data Name=""SubjectDomainName"">forensicsacl2</Data><Data Name=""SubjectLogonId"">0x38c895</Data><Data Name=""TargetName"">MicrosoftAccount:user=02alysbxkrazhqmm</Data><Data Name=""Type"">0</Data><Data Name=""CountOfCredentialsReturned"">0</Data><Data Name=""ReadOperation"">%%8100</Data><Data Name=""ReturnCode"">3221226021</Data><Data Name=""ProcessCreationTime"">2024-06-26T17:01:07.0391904Z</Data><Data Name=""ClientProcessId"">5396</Data></EventData></DataItem>",5379,Credential Manager credentials were read.  Subject: 	Security ID:		S-1-5-21-1413295808-2032686517-1925176222-500 	Account Name:		forensicsacl2 	Account Domain:		forensicsacl2 	Logon ID:		0x38C895 	Read Operation:		Enumerate Credentials  This event occurs when a user performs a read operation on stored credentials in Credential Manager.,,,Auditing,,,00000000-0000-0000-0000-000000000001,AOI-d558e95b-08c4-4c42-b17a-dd6de6332e26,Event,/subscriptions/da2ead26-5eba-476e-90f5-13d2028a4531/resourcegroups/cloudforensics_group/providers/microsoft.compute/virtualmachines/forensicsacl2,2024-06-26 17:06:04.048,2,0.001,26,5.0,1,0.6201785714285715,2024-06-26 17:06:00
d558e95b-08c4-4c42-b17a-dd6de6332e26,OpsManager,2024-06-26 17:06:04.090,Microsoft-Windows-Security-Auditing,Security,forensicsacl2,0,Information,<Param>S-1-5-21-1413295808-2032686517-1925176222-500</Param><Param>forensicsacl2</Param><Param>forensicsacl2</Param><Param>0x38c895</Param><Param>MicrosoftAccount:user=02alysbxkrazhqmm</Param><Param>0</Param><Param>0</Param><Param>%%8100</Param><Param>3221226021</Param><Param>2024-06-26T17:01:07.0391904Z</Param><Param>5396</Param>,"<DataItem Type=""System.XmlData"" time=""2024-06-26T17:06:04.0908795Z"" sourceHealthServiceId=""a0cf1214-78a1-4446-8ef1-04b39ec9b972""><EventData xmlns=""http://schemas.microsoft.com/win/2004/08/events/event""><Data Name=""SubjectUserSid"">S-1-5-21-1413295808-2032686517-1925176222-500</Data><Data Name=""SubjectUserName"">forensicsacl2</Data><Data Name=""SubjectDomainName"">forensicsacl2</Data><Data Name=""SubjectLogonId"">0x38c895</Data><Data Name=""TargetName"">MicrosoftAccount:user=02alysbxkrazhqmm</Data><Data Name=""Type"">0</Data><Data Name=""CountOfCredentialsReturned"">0</Data><Data Name=""ReadOperation"">%%8100</Data><Data Name=""ReturnCode"">3221226021</Data><Data Name=""ProcessCreationTime"">2024-06-26T17:01:07.0391904Z</Data><Data Name=""ClientProcessId"">5396</Data></EventData></DataItem>",5379,Credential Manager credentials were read.  Subject: 	Security ID:		S-1-5-21-1413295808-2032686517-1925176222-500 	Account Name:		forensicsacl2 	Account Domain:		forensicsacl2 	Logon ID:		0x38C895 	Read Operation:		Enumerate Credentials  This event occurs when a user performs a read operation on stored credentials in Credential Manager.,,,Auditing,,,00000000-0000-0000-0000-000000000001,AOI-d558e95b-08c4-4c42-b17a-dd6de6332e26,Event,/subscriptions/da2ead26-5eba-476e-90f5-13d2028a4531/resourcegroups/cloudforensics_group/providers/microsoft.compute/virtualmachines/forensicsacl2,2024-06-26 17:06:04.090,2,0.042,26,5.0,1,0.6201785714285715,2024-06-26 17:06:00
d558e95b-08c4-4c42-b17a-dd6de6332e26,OpsManager,2024-06-26 17:06:04.091,Microsoft-Windows-Security-Auditing,Security,forensicsacl2,0,Information,<Param>S-1-5-21-1413295808-2032686517-1925176222-500</Param><Param>forensicsacl2</Param><Param>forensicsacl2</Param><Param>0x38c895</Param><Param>WindowsLive:(token):name=02alysbxkrazhqmm;serviceuri=*</Param><Param>0</Param><Param>0</Param><Param>%%8100</Param><Param>3221226021</Param><Param>2024-06-26T17:01:07.0391904Z</Param><Param>5396</Param>,"<DataItem Type=""System.XmlData"" time=""2024-06-26T17:06:04.0910089Z"" sourceHealthServiceId=""a0cf1214-78a1-4446-8ef1-04b39ec9b972""><EventData xmlns=""http://schemas.microsoft.com/win/2004/08/events/event""><Data Name=""SubjectUserSid"">S-1-5-21-1413295808-2032686517-1925176222-500</Data><Data Name=""SubjectUserName"">forensicsacl2</Data><Data Name=""SubjectDomainName"">forensicsacl2</Data><Data Name=""SubjectLogonId"">0x38c895</Data><Data Name=""TargetName"">WindowsLive:(token):name=02alysbxkrazhqmm;serviceuri=*</Data><Data Name=""Type"">0</Data><Data Name=""CountOfCredentialsReturned"">0</Data><Data Name=""ReadOperation"">%%8100</Data><Data Name=""ReturnCode"">3221226021</Data><Data Name=""ProcessCreationTime"">2024-06-26T17:01:07.0391904Z</Data><Data Name=""ClientProcessId"">5396</Data></EventData></DataItem>",5379,Credential Manager credentials were read.  Subject: 	Security ID:		S-1-5-21-1413295808-2032686517-1925176222-500 	Account Name:		forensicsacl2 	Account Domain:		forensicsacl2 	Logon ID:		0x38C895 	Read Operation:		Enumerate Credentials  This event occurs when a user performs a read operation on stored credentials in Credential Manager.,,,Auditing,,,00000000-0000-0000-0000-000000000001,AOI-d558e95b-08c4-4c42-b17a-dd6de6332e26,Event,/subscriptions/da2ead26-5eba-476e-90f5-13d2028a4531/resourcegroups/cloudforensics_group/providers/microsoft.compute/virtualmachines/forensicsacl2,2024-06-26 17:06:04.091,2,0.001,26,5.0,1,0.6201785714285715,2024-06-26 17:06:00
d558e95b-08c4-4c42-b17a-dd6de6332e26,OpsManager,2024-06-26 17:06:04.136,Microsoft-Windows-Security-Auditing,Security,forensicsacl2,0,Information,<Param>S-1-5-21-1413295808-2032686517-1925176222-500</Param><Param>forensicsacl2</Param><Param>forensicsacl2</Param><Param>0x38c895</Param><Param>MicrosoftAccount:user=02alysbxkrazhqmm</Param><Param>0</Param><Param>0</Param><Param>%%8100</Param><Param>3221226021</Param><Param>2024-06-26T17:01:07.0391904Z</Param><Param>5396</Param>,"<DataItem Type=""System.XmlData"" time=""2024-06-26T17:06:04.1360306Z"" sourceHealthServiceId=""a0cf1214-78a1-4446-8ef1-04b39ec9b972""><EventData xmlns=""http://schemas.microsoft.com/win/2004/08/events/event""><Data Name=""SubjectUserSid"">S-1-5-21-1413295808-2032686517-1925176222-500</Data><Data Name=""SubjectUserName"">forensicsacl2</Data><Data Name=""SubjectDomainName"">forensicsacl2</Data><Data Name=""SubjectLogonId"">0x38c895</Data><Data Name=""TargetName"">MicrosoftAccount:user=02alysbxkrazhqmm</Data><Data Name=""Type"">0</Data><Data Name=""CountOfCredentialsReturned"">0</Data><Data Name=""ReadOperation"">%%8100</Data><Data Name=""ReturnCode"">3221226021</Data><Data Name=""ProcessCreationTime"">2024-06-26T17:01:07.0391904Z</Data><Data Name=""ClientProcessId"">5396</Data></EventData></DataItem>",5379,Credential Manager credentials were read.  Subject: 	Security ID:		S-1-5-21-1413295808-2032686517-1925176222-500 	Account Name:		forensicsacl2 	Account Domain:		forensicsacl2 	Logon ID:		0x38C895 	Read Operation:		Enumerate Credentials  This event occurs when a user performs a read operation on stored credentials in Credential Manager.,,,Auditing,,,00000000-0000-0000-0000-000000000001,AOI-d558e95b-08c4-4c42-b17a-dd6de6332e26,Event,/subscriptions/da2ead26-5eba-476e-90f5-13d2028a4531/resourcegroups/cloudforensics_group/providers/microsoft.compute/virtualmachines/forensicsacl2,2024-06-26 17:06:04.136,2,0.045,26,5.0,1,0.6201785714285715,2024-06-26 17:06:00
d558e95b-08c4-4c42-b17a-dd6de6332e26,OpsManager,2024-06-26 17:06:04.301,Microsoft-Windows-Security-Auditing,Security,forensicsacl2,0,Information,<Param>S-1-5-21-1413295808-2032686517-1925176222-500</Param><Param>forensicsacl2</Param><Param>forensicsacl2</Param><Param>0x38c895</Param><Param>MicrosoftAccount:user=02alysbxkrazhqmm</Param><Param>0</Param><Param>0</Param><Param>%%8100</Param><Param>3221226021</Param><Param>2024-06-26T17:01:07.0391904Z</Param><Param>5396</Param>,"<DataItem Type=""System.XmlData"" time=""2024-06-26T17:06:04.3017856Z"" sourceHealthServiceId=""a0cf1214-78a1-4446-8ef1-04b39ec9b972""><EventData xmlns=""http://schemas.microsoft.com/win/2004/08/events/event""><Data Name=""SubjectUserSid"">S-1-5-21-1413295808-2032686517-1925176222-500</Data><Data Name=""SubjectUserName"">forensicsacl2</Data><Data Name=""SubjectDomainName"">forensicsacl2</Data><Data Name=""SubjectLogonId"">0x38c895</Data><Data Name=""TargetName"">MicrosoftAccount:user=02alysbxkrazhqmm</Data><Data Name=""Type"">0</Data><Data Name=""CountOfCredentialsReturned"">0</Data><Data Name=""ReadOperation"">%%8100</Data><Data Name=""ReturnCode"">3221226021</Data><Data Name=""ProcessCreationTime"">2024-06-26T17:01:07.0391904Z</Data><Data Name=""ClientProcessId"">5396</Data></EventData></DataItem>",5379,Credential Manager credentials were read.  Subject: 	Security ID:		S-1-5-21-1413295808-2032686517-1925176222-500 	Account Name:		forensicsacl2 	Account Domain:		forensicsacl2 	Logon ID:		0x38C895 	Read Operation:		Enumerate Credentials  This event occurs when a user performs a read operation on stored credentials in Credential Manager.,,,Auditing,,,00000000-0000-0000-0000-000000000001,AOI-d558e95b-08c4-4c42-b17a-dd6de6332e26,Event,/subscriptions/da2ead26-5eba-476e-90f5-13d2028a4531/resourcegroups/cloudforensics_group/providers/microsoft.compute/virtualmachines/forensicsacl2,2024-06-26 17:06:04.301,2,0.165,26,5.0,1,0.6201785714285715,2024-06-26 17:06:00
d558e95b-08c4-4c42-b17a-dd6de6332e26,OpsManager,2024-06-26 17:06:04.312,Microsoft-Windows-Security-Auditing,Security,forensicsacl2,0,Information,<Param>S-1-5-21-1413295808-2032686517-1925176222-500</Param><Param>forensicsacl2</Param><Param>forensicsacl2</Param><Param>0x38c895</Param><Param>MicrosoftAccount:user=02alysbxkrazhqmm</Param><Param>0</Param><Param>0</Param><Param>%%8100</Param><Param>3221226021</Param><Param>2024-06-26T17:01:07.0391904Z</Param><Param>5396</Param>,"<DataItem Type=""System.XmlData"" time=""2024-06-26T17:06:04.3124500Z"" sourceHealthServiceId=""a0cf1214-78a1-4446-8ef1-04b39ec9b972""><EventData xmlns=""http://schemas.microsoft.com/win/2004/08/events/event""><Data Name=""SubjectUserSid"">S-1-5-21-1413295808-2032686517-1925176222-500</Data><Data Name=""SubjectUserName"">forensicsacl2</Data><Data Name=""SubjectDomainName"">forensicsacl2</Data><Data Name=""SubjectLogonId"">0x38c895</Data><Data Name=""TargetName"">MicrosoftAccount:user=02alysbxkrazhqmm</Data><Data Name=""Type"">0</Data><Data Name=""CountOfCredentialsReturned"">0</Data><Data Name=""ReadOperation"">%%8100</Data><Data Name=""ReturnCode"">3221226021</Data><Data Name=""ProcessCreationTime"">2024-06-26T17:01:07.0391904Z</Data><Data Name=""ClientProcessId"">5396</Data></EventData></DataItem>",5379,Credential Manager credentials were read.  Subject: 	Security ID:		S-1-5-21-1413295808-2032686517-1925176222-500 	Account Name:		forensicsacl2 	Account Domain:		forensicsacl2 	Logon ID:		0x38C895 	Read Operation:		Enumerate Credentials  This event occurs when a user performs a read operation on stored credentials in Credential Manager.,,,Auditing,,,00000000-0000-0000-0000-000000000001,AOI-d558e95b-08c4-4c42-b17a-dd6de6332e26,Event,/subscriptions/da2ead26-5eba-476e-90f5-13d2028a4531/resourcegroups/cloudforensics_group/providers/microsoft.compute/virtualmachines/forensicsacl2,2024-06-26 17:06:04.312,2,0.011,26,5.0,1,0.6201785714285715,2024-06-26 17:06:00
d558e95b-08c4-4c42-b17a-dd6de6332e26,OpsManager,2024-06-26 17:06:04.316,Microsoft-Windows-Security-Auditing,Security,forensicsacl2,0,Information,<Param>S-1-5-21-1413295808-2032686517-1925176222-500</Param><Param>forensicsacl2</Param><Param>forensicsacl2</Param><Param>0x38c895</Param><Param>MicrosoftAccount:user=02alysbxkrazhqmm</Param><Param>0</Param><Param>0</Param><Param>%%8100</Param><Param>3221226021</Param><Param>2024-06-26T17:01:07.0391904Z</Param><Param>5396</Param>,"<DataItem Type=""System.XmlData"" time=""2024-06-26T17:06:04.3160346Z"" sourceHealthServiceId=""a0cf1214-78a1-4446-8ef1-04b39ec9b972""><EventData xmlns=""http://schemas.microsoft.com/win/2004/08/events/event""><Data Name=""SubjectUserSid"">S-1-5-21-1413295808-2032686517-1925176222-500</Data><Data Name=""SubjectUserName"">forensicsacl2</Data><Data Name=""SubjectDomainName"">forensicsacl2</Data><Data Name=""SubjectLogonId"">0x38c895</Data><Data Name=""TargetName"">MicrosoftAccount:user=02alysbxkrazhqmm</Data><Data Name=""Type"">0</Data><Data Name=""CountOfCredentialsReturned"">0</Data><Data Name=""ReadOperation"">%%8100</Data><Data Name=""ReturnCode"">3221226021</Data><Data Name=""ProcessCreationTime"">2024-06-26T17:01:07.0391904Z</Data><Data Name=""ClientProcessId"">5396</Data></EventData></DataItem>",5379,Credential Manager credentials were read.  Subject: 	Security ID:		S-1-5-21-1413295808-2032686517-1925176222-500 	Account Name:		forensicsacl2 	Account Domain:		forensicsacl2 	Logon ID:		0x38C895 	Read Operation:		Enumerate Credentials  This event occurs when a user performs a read operation on stored credentials in Credential Manager.,,,Auditing,,,00000000-0000-0000-0000-000000000001,AOI-d558e95b-08c4-4c42-b17a-dd6de6332e26,Event,/subscriptions/da2ead26-5eba-476e-90f5-13d2028a4531/resourcegroups/cloudforensics_group/providers/microsoft.compute/virtualmachines/forensicsacl2,2024-06-26 17:06:04.316,2,0.004,26,5.0,1,0.6201785714285715,2024-06-26 17:06:00
d558e95b-08c4-4c42-b17a-dd6de6332e26,OpsManager,2024-06-26 17:06:04.345,Microsoft-Windows-Security-Auditing,Security,forensicsacl2,0,Information,<Param>S-1-5-21-1413295808-2032686517-1925176222-500</Param><Param>forensicsacl2</Param><Param>forensicsacl2</Param><Param>0x38c895</Param><Param>MicrosoftAccount:user=02alysbxkrazhqmm</Param><Param>0</Param><Param>0</Param><Param>%%8100</Param><Param>3221226021</Param><Param>2024-06-26T17:01:07.0391904Z</Param><Param>5396</Param>,"<DataItem Type=""System.XmlData"" time=""2024-06-26T17:06:04.3454467Z"" sourceHealthServiceId=""a0cf1214-78a1-4446-8ef1-04b39ec9b972""><EventData xmlns=""http://schemas.microsoft.com/win/2004/08/events/event""><Data Name=""SubjectUserSid"">S-1-5-21-1413295808-2032686517-1925176222-500</Data><Data Name=""SubjectUserName"">forensicsacl2</Data><Data Name=""SubjectDomainName"">forensicsacl2</Data><Data Name=""SubjectLogonId"">0x38c895</Data><Data Name=""TargetName"">MicrosoftAccount:user=02alysbxkrazhqmm</Data><Data Name=""Type"">0</Data><Data Name=""CountOfCredentialsReturned"">0</Data><Data Name=""ReadOperation"">%%8100</Data><Data Name=""ReturnCode"">3221226021</Data><Data Name=""ProcessCreationTime"">2024-06-26T17:01:07.0391904Z</Data><Data Name=""ClientProcessId"">5396</Data></EventData></DataItem>",5379,Credential Manager credentials were read.  Subject: 	Security ID:		S-1-5-21-1413295808-2032686517-1925176222-500 	Account Name:		forensicsacl2 	Account Domain:		forensicsacl2 	Logon ID:		0x38C895 	Read Operation:		Enumerate Credentials  This event occurs when a user performs a read operation on stored credentials in Credential Manager.,,,Auditing,,,00000000-0000-0000-0000-000000000001,AOI-d558e95b-08c4-4c42-b17a-dd6de6332e26,Event,/subscriptions/da2ead26-5eba-476e-90f5-13d2028a4531/resourcegroups/cloudforensics_group/providers/microsoft.compute/virtualmachines/forensicsacl2,2024-06-26 17:06:04.345,2,0.029,26,5.0,1,0.6201785714285715,2024-06-26 17:06:00
d558e95b-08c4-4c42-b17a-dd6de6332e26,OpsManager,2024-06-26 17:06:04.363,Microsoft-Windows-Security-Auditing,Security,forensicsacl2,0,Information,<Param>S-1-5-21-1413295808-2032686517-1925176222-500</Param><Param>forensicsacl2</Param><Param>forensicsacl2</Param><Param>0x38c895</Param><Param>MicrosoftAccount:user=02alysbxkrazhqmm</Param><Param>0</Param><Param>0</Param><Param>%%8100</Param><Param>3221226021</Param><Param>2024-06-26T17:01:07.0391904Z</Param><Param>5396</Param>,"<DataItem Type=""System.XmlData"" time=""2024-06-26T17:06:04.3635810Z"" sourceHealthServiceId=""a0cf1214-78a1-4446-8ef1-04b39ec9b972""><EventData xmlns=""http://schemas.microsoft.com/win/2004/08/events/event""><Data Name=""SubjectUserSid"">S-1-5-21-1413295808-2032686517-1925176222-500</Data><Data Name=""SubjectUserName"">forensicsacl2</Data><Data Name=""SubjectDomainName"">forensicsacl2</Data><Data Name=""SubjectLogonId"">0x38c895</Data><Data Name=""TargetName"">MicrosoftAccount:user=02alysbxkrazhqmm</Data><Data Name=""Type"">0</Data><Data Name=""CountOfCredentialsReturned"">0</Data><Data Name=""ReadOperation"">%%8100</Data><Data Name=""ReturnCode"">3221226021</Data><Data Name=""ProcessCreationTime"">2024-06-26T17:01:07.0391904Z</Data><Data Name=""ClientProcessId"">5396</Data></EventData></DataItem>",5379,Credential Manager credentials were read.  Subject: 	Security ID:		S-1-5-21-1413295808-2032686517-1925176222-500 	Account Name:		forensicsacl2 	Account Domain:		forensicsacl2 	Logon ID:		0x38C895 	Read Operation:		Enumerate Credentials  This event occurs when a user performs a read operation on stored credentials in Credential Manager.,,,Auditing,,,00000000-0000-0000-0000-000000000001,AOI-d558e95b-08c4-4c42-b17a-dd6de6332e26,Event,/subscriptions/da2ead26-5eba-476e-90f5-13d2028a4531/resourcegroups/cloudforensics_group/providers/microsoft.compute/virtualmachines/forensicsacl2,2024-06-26 17:06:04.363,2,0.018,26,5.0,1,0.6201785714285715,2024-06-26 17:06:00
d558e95b-08c4-4c42-b17a-dd6de6332e26,OpsManager,2024-06-26 17:06:04.368,Microsoft-Windows-Security-Auditing,Security,forensicsacl2,0,Information,<Param>S-1-5-21-1413295808-2032686517-1925176222-500</Param><Param>forensicsacl2</Param><Param>forensicsacl2</Param><Param>0x38c895</Param><Param>MicrosoftAccount:user=02alysbxkrazhqmm</Param><Param>0</Param><Param>0</Param><Param>%%8100</Param><Param>3221226021</Param><Param>2024-06-26T17:01:07.0391904Z</Param><Param>5396</Param>,"<DataItem Type=""System.XmlData"" time=""2024-06-26T17:06:04.3681182Z"" sourceHealthServiceId=""a0cf1214-78a1-4446-8ef1-04b39ec9b972""><EventData xmlns=""http://schemas.microsoft.com/win/2004/08/events/event""><Data Name=""SubjectUserSid"">S-1-5-21-1413295808-2032686517-1925176222-500</Data><Data Name=""SubjectUserName"">forensicsacl2</Data><Data Name=""SubjectDomainName"">forensicsacl2</Data><Data Name=""SubjectLogonId"">0x38c895</Data><Data Name=""TargetName"">MicrosoftAccount:user=02alysbxkrazhqmm</Data><Data Name=""Type"">0</Data><Data Name=""CountOfCredentialsReturned"">0</Data><Data Name=""ReadOperation"">%%8100</Data><Data Name=""ReturnCode"">3221226021</Data><Data Name=""ProcessCreationTime"">2024-06-26T17:01:07.0391904Z</Data><Data Name=""ClientProcessId"">5396</Data></EventData></DataItem>",5379,Credential Manager credentials were read.  Subject: 	Security ID:		S-1-5-21-1413295808-2032686517-1925176222-500 	Account Name:		forensicsacl2 	Account Domain:		forensicsacl2 	Logon ID:		0x38C895 	Read Operation:		Enumerate Credentials  This event occurs when a user performs a read operation on stored credentials in Credential Manager.,,,Auditing,,,00000000-0000-0000-0000-000000000001,AOI-d558e95b-08c4-4c42-b17a-dd6de6332e26,Event,/subscriptions/da2ead26-5eba-476e-90f5-13d2028a4531/resourcegroups/cloudforensics_group/providers/microsoft.compute/virtualmachines/forensicsacl2,2024-06-26 17:06:04.368,2,0.005,26,5.0,1,0.6201785714285715,2024-06-26 17:06:00
d558e95b-08c4-4c42-b17a-dd6de6332e26,OpsManager,2024-06-26 17:06:04.371,Microsoft-Windows-Security-Auditing,Security,forensicsacl2,0,Information,<Param>S-1-5-21-1413295808-2032686517-1925176222-500</Param><Param>forensicsacl2</Param><Param>forensicsacl2</Param><Param>0x38c895</Param><Param>MicrosoftAccount:user=02alysbxkrazhqmm</Param><Param>0</Param><Param>0</Param><Param>%%8100</Param><Param>3221226021</Param><Param>2024-06-26T17:01:07.0391904Z</Param><Param>5396</Param>,"<DataItem Type=""System.XmlData"" time=""2024-06-26T17:06:04.3719143Z"" sourceHealthServiceId=""a0cf1214-78a1-4446-8ef1-04b39ec9b972""><EventData xmlns=""http://schemas.microsoft.com/win/2004/08/events/event""><Data Name=""SubjectUserSid"">S-1-5-21-1413295808-2032686517-1925176222-500</Data><Data Name=""SubjectUserName"">forensicsacl2</Data><Data Name=""SubjectDomainName"">forensicsacl2</Data><Data Name=""SubjectLogonId"">0x38c895</Data><Data Name=""TargetName"">MicrosoftAccount:user=02alysbxkrazhqmm</Data><Data Name=""Type"">0</Data><Data Name=""CountOfCredentialsReturned"">0</Data><Data Name=""ReadOperation"">%%8100</Data><Data Name=""ReturnCode"">3221226021</Data><Data Name=""ProcessCreationTime"">2024-06-26T17:01:07.0391904Z</Data><Data Name=""ClientProcessId"">5396</Data></EventData></DataItem>",5379,Credential Manager credentials were read.  Subject: 	Security ID:		S-1-5-21-1413295808-2032686517-1925176222-500 	Account Name:		forensicsacl2 	Account Domain:		forensicsacl2 	Logon ID:		0x38C895 	Read Operation:		Enumerate Credentials  This event occurs when a user performs a read operation on stored credentials in Credential Manager.,,,Auditing,,,00000000-0000-0000-0000-000000000001,AOI-d558e95b-08c4-4c42-b17a-dd6de6332e26,Event,/subscriptions/da2ead26-5eba-476e-90f5-13d2028a4531/resourcegroups/cloudforensics_group/providers/microsoft.compute/virtualmachines/forensicsacl2,2024-06-26 17:06:04.371,2,0.003,26,5.0,1,0.6201785714285715,2024-06-26 17:06:00
d558e95b-08c4-4c42-b17a-dd6de6332e26,OpsManager,2024-06-26 17:06:04.379,Microsoft-Windows-Security-Auditing,Security,forensicsacl2,0,Information,<Param>S-1-5-21-1413295808-2032686517-1925176222-500</Param><Param>forensicsacl2</Param><Param>forensicsacl2</Param><Param>0x38c895</Param><Param>MicrosoftAccount:user=02alysbxkrazhqmm</Param><Param>0</Param><Param>0</Param><Param>%%8100</Param><Param>3221226021</Param><Param>2024-06-26T17:01:07.0391904Z</Param><Param>5396</Param>,"<DataItem Type=""System.XmlData"" time=""2024-06-26T17:06:04.3797152Z"" sourceHealthServiceId=""a0cf1214-78a1-4446-8ef1-04b39ec9b972""><EventData xmlns=""http://schemas.microsoft.com/win/2004/08/events/event""><Data Name=""SubjectUserSid"">S-1-5-21-1413295808-2032686517-1925176222-500</Data><Data Name=""SubjectUserName"">forensicsacl2</Data><Data Name=""SubjectDomainName"">forensicsacl2</Data><Data Name=""SubjectLogonId"">0x38c895</Data><Data Name=""TargetName"">MicrosoftAccount:user=02alysbxkrazhqmm</Data><Data Name=""Type"">0</Data><Data Name=""CountOfCredentialsReturned"">0</Data><Data Name=""ReadOperation"">%%8100</Data><Data Name=""ReturnCode"">3221226021</Data><Data Name=""ProcessCreationTime"">2024-06-26T17:01:07.0391904Z</Data><Data Name=""ClientProcessId"">5396</Data></EventData></DataItem>",5379,Credential Manager credentials were read.  Subject: 	Security ID:		S-1-5-21-1413295808-2032686517-1925176222-500 	Account Name:		forensicsacl2 	Account Domain:		forensicsacl2 	Logon ID:		0x38C895 	Read Operation:		Enumerate Credentials  This event occurs when a user performs a read operation on stored credentials in Credential Manager.,,,Auditing,,,00000000-0000-0000-0000-000000000001,AOI-d558e95b-08c4-4c42-b17a-dd6de6332e26,Event,/subscriptions/da2ead26-5eba-476e-90f5-13d2028a4531/resourcegroups/cloudforensics_group/providers/microsoft.compute/virtualmachines/forensicsacl2,2024-06-26 17:06:04.379,2,0.008,26,5.0,1,0.6201785714285715,2024-06-26 17:06:00
d558e95b-08c4-4c42-b17a-dd6de6332e26,OpsManager,2024-06-26 17:06:04.382,Microsoft-Windows-Security-Auditing,Security,forensicsacl2,0,Information,<Param>S-1-5-21-1413295808-2032686517-1925176222-500</Param><Param>forensicsacl2</Param><Param>forensicsacl2</Param><Param>0x38c895</Param><Param>MicrosoftAccount:user=02alysbxkrazhqmm</Param><Param>0</Param><Param>0</Param><Param>%%8100</Param><Param>3221226021</Param><Param>2024-06-26T17:01:07.0391904Z</Param><Param>5396</Param>,"<DataItem Type=""System.XmlData"" time=""2024-06-26T17:06:04.3827367Z"" sourceHealthServiceId=""a0cf1214-78a1-4446-8ef1-04b39ec9b972""><EventData xmlns=""http://schemas.microsoft.com/win/2004/08/events/event""><Data Name=""SubjectUserSid"">S-1-5-21-1413295808-2032686517-1925176222-500</Data><Data Name=""SubjectUserName"">forensicsacl2</Data><Data Name=""SubjectDomainName"">forensicsacl2</Data><Data Name=""SubjectLogonId"">0x38c895</Data><Data Name=""TargetName"">MicrosoftAccount:user=02alysbxkrazhqmm</Data><Data Name=""Type"">0</Data><Data Name=""CountOfCredentialsReturned"">0</Data><Data Name=""ReadOperation"">%%8100</Data><Data Name=""ReturnCode"">3221226021</Data><Data Name=""ProcessCreationTime"">2024-06-26T17:01:07.0391904Z</Data><Data Name=""ClientProcessId"">5396</Data></EventData></DataItem>",5379,Credential Manager credentials were read.  Subject: 	Security ID:		S-1-5-21-1413295808-2032686517-1925176222-500 	Account Name:		forensicsacl2 	Account Domain:		forensicsacl2 	Logon ID:		0x38C895 	Read Operation:		Enumerate Credentials  This event occurs when a user performs a read operation on stored credentials in Credential Manager.,,,Auditing,,,00000000-0000-0000-0000-000000000001,AOI-d558e95b-08c4-4c42-b17a-dd6de6332e26,Event,/subscriptions/da2ead26-5eba-476e-90f5-13d2028a4531/resourcegroups/cloudforensics_group/providers/microsoft.compute/virtualmachines/forensicsacl2,2024-06-26 17:06:04.382,2,0.003,26,5.0,1,0.6201785714285715,2024-06-26 17:06:00
d558e95b-08c4-4c42-b17a-dd6de6332e26,OpsManager,2024-06-26 17:06:04.421,Microsoft-Windows-Security-Auditing,Security,forensicsacl2,0,Information,<Param>S-1-5-21-1413295808-2032686517-1925176222-500</Param><Param>forensicsacl2</Param><Param>forensicsacl2</Param><Param>0x38c895</Param><Param>MicrosoftAccount:user=02alysbxkrazhqmm</Param><Param>0</Param><Param>0</Param><Param>%%8100</Param><Param>3221226021</Param><Param>2024-06-26T17:01:07.0391904Z</Param><Param>5396</Param>,"<DataItem Type=""System.XmlData"" time=""2024-06-26T17:06:04.4214734Z"" sourceHealthServiceId=""a0cf1214-78a1-4446-8ef1-04b39ec9b972""><EventData xmlns=""http://schemas.microsoft.com/win/2004/08/events/event""><Data Name=""SubjectUserSid"">S-1-5-21-1413295808-2032686517-1925176222-500</Data><Data Name=""SubjectUserName"">forensicsacl2</Data><Data Name=""SubjectDomainName"">forensicsacl2</Data><Data Name=""SubjectLogonId"">0x38c895</Data><Data Name=""TargetName"">MicrosoftAccount:user=02alysbxkrazhqmm</Data><Data Name=""Type"">0</Data><Data Name=""CountOfCredentialsReturned"">0</Data><Data Name=""ReadOperation"">%%8100</Data><Data Name=""ReturnCode"">3221226021</Data><Data Name=""ProcessCreationTime"">2024-06-26T17:01:07.0391904Z</Data><Data Name=""ClientProcessId"">5396</Data></EventData></DataItem>",5379,Credential Manager credentials were read.  Subject: 	Security ID:		S-1-5-21-1413295808-2032686517-1925176222-500 	Account Name:		forensicsacl2 	Account Domain:		forensicsacl2 	Logon ID:		0x38C895 	Read Operation:		Enumerate Credentials  This event occurs when a user performs a read operation on stored credentials in Credential Manager.,,,Auditing,,,00000000-0000-0000-0000-000000000001,AOI-d558e95b-08c4-4c42-b17a-dd6de6332e26,Event,/subscriptions/da2ead26-5eba-476e-90f5-13d2028a4531/resourcegroups/cloudforensics_group/providers/microsoft.compute/virtualmachines/forensicsacl2,2024-06-26 17:06:04.421,2,0.039,26,5.0,1,0.6201785714285715,2024-06-26 17:06:00
d558e95b-08c4-4c42-b17a-dd6de6332e26,OpsManager,2024-06-26 17:06:04.429,Microsoft-Windows-Security-Auditing,Security,forensicsacl2,0,Information,<Param>S-1-5-21-1413295808-2032686517-1925176222-500</Param><Param>forensicsacl2</Param><Param>forensicsacl2</Param><Param>0x38c895</Param><Param>MicrosoftAccount:user=02alysbxkrazhqmm</Param><Param>0</Param><Param>0</Param><Param>%%8100</Param><Param>3221226021</Param><Param>2024-06-26T17:01:07.0391904Z</Param><Param>5396</Param>,"<DataItem Type=""System.XmlData"" time=""2024-06-26T17:06:04.4296688Z"" sourceHealthServiceId=""a0cf1214-78a1-4446-8ef1-04b39ec9b972""><EventData xmlns=""http://schemas.microsoft.com/win/2004/08/events/event""><Data Name=""SubjectUserSid"">S-1-5-21-1413295808-2032686517-1925176222-500</Data><Data Name=""SubjectUserName"">forensicsacl2</Data><Data Name=""SubjectDomainName"">forensicsacl2</Data><Data Name=""SubjectLogonId"">0x38c895</Data><Data Name=""TargetName"">MicrosoftAccount:user=02alysbxkrazhqmm</Data><Data Name=""Type"">0</Data><Data Name=""CountOfCredentialsReturned"">0</Data><Data Name=""ReadOperation"">%%8100</Data><Data Name=""ReturnCode"">3221226021</Data><Data Name=""ProcessCreationTime"">2024-06-26T17:01:07.0391904Z</Data><Data Name=""ClientProcessId"">5396</Data></EventData></DataItem>",5379,Credential Manager credentials were read.  Subject: 	Security ID:		S-1-5-21-1413295808-2032686517-1925176222-500 	Account Name:		forensicsacl2 	Account Domain:		forensicsacl2 	Logon ID:		0x38C895 	Read Operation:		Enumerate Credentials  This event occurs when a user performs a read operation on stored credentials in Credential Manager.,,,Auditing,,,00000000-0000-0000-0000-000000000001,AOI-d558e95b-08c4-4c42-b17a-dd6de6332e26,Event,/subscriptions/da2ead26-5eba-476e-90f5-13d2028a4531/resourcegroups/cloudforensics_group/providers/microsoft.compute/virtualmachines/forensicsacl2,2024-06-26 17:06:04.429,2,0.008,26,5.0,1,0.6201785714285715,2024-06-26 17:06:00
d558e95b-08c4-4c42-b17a-dd6de6332e26,OpsManager,2024-06-26 17:06:04.433,Microsoft-Windows-Security-Auditing,Security,forensicsacl2,0,Information,<Param>S-1-5-21-1413295808-2032686517-1925176222-500</Param><Param>forensicsacl2</Param><Param>forensicsacl2</Param><Param>0x38c895</Param><Param>MicrosoftAccount:user=02alysbxkrazhqmm</Param><Param>0</Param><Param>0</Param><Param>%%8100</Param><Param>3221226021</Param><Param>2024-06-26T17:01:07.0391904Z</Param><Param>5396</Param>,"<DataItem Type=""System.XmlData"" time=""2024-06-26T17:06:04.4330279Z"" sourceHealthServiceId=""a0cf1214-78a1-4446-8ef1-04b39ec9b972""><EventData xmlns=""http://schemas.microsoft.com/win/2004/08/events/event""><Data Name=""SubjectUserSid"">S-1-5-21-1413295808-2032686517-1925176222-500</Data><Data Name=""SubjectUserName"">forensicsacl2</Data><Data Name=""SubjectDomainName"">forensicsacl2</Data><Data Name=""SubjectLogonId"">0x38c895</Data><Data Name=""TargetName"">MicrosoftAccount:user=02alysbxkrazhqmm</Data><Data Name=""Type"">0</Data><Data Name=""CountOfCredentialsReturned"">0</Data><Data Name=""ReadOperation"">%%8100</Data><Data Name=""ReturnCode"">3221226021</Data><Data Name=""ProcessCreationTime"">2024-06-26T17:01:07.0391904Z</Data><Data Name=""ClientProcessId"">5396</Data></EventData></DataItem>",5379,Credential Manager credentials were read.  Subject: 	Security ID:		S-1-5-21-1413295808-2032686517-1925176222-500 	Account Name:		forensicsacl2 	Account Domain:		forensicsacl2 	Logon ID:		0x38C895 	Read Operation:		Enumerate Credentials  This event occurs when a user performs a read operation on stored credentials in Credential Manager.,,,Auditing,,,00000000-0000-0000-0000-000000000001,AOI-d558e95b-08c4-4c42-b17a-dd6de6332e26,Event,/subscriptions/da2ead26-5eba-476e-90f5-13d2028a4531/resourcegroups/cloudforensics_group/providers/microsoft.compute/virtualmachines/forensicsacl2,2024-06-26 17:06:04.433,2,0.004,26,5.0,1,0.6201785714285715,2024-06-26 17:06:00
d558e95b-08c4-4c42-b17a-dd6de6332e26,OpsManager,2024-06-26 17:06:50.273,Microsoft-Windows-Security-SPP,Application,forensicsacl2,4,Information,,"<DataItem Type=""System.XmlData"" time=""2024-06-26T17:06:50.2736005Z"" sourceHealthServiceId=""a0cf1214-78a1-4446-8ef1-04b39ec9b972""><EventData xmlns=""http://schemas.microsoft.com/win/2004/08/events/event"" /></DataItem>",16394,Offline downlevel migration succeeded.,,,SPP,,,00000000-0000-0000-0000-000000000001,AOI-d558e95b-08c4-4c42-b17a-dd6de6332e26,Event,/subscriptions/da2ead26-5eba-476e-90f5-13d2028a4531/resourcegroups/cloudforensics_group/providers/microsoft.compute/virtualmachines/forensicsacl2,2024-06-26 17:06:50.273,2,45.84,26,5.0,1,10.207,2024-06-26 17:06:00
d558e95b-08c4-4c42-b17a-dd6de6332e26,OpsManager,2024-06-26 17:06:50.866,Microsoft-Windows-Security-Auditing,Security,forensicsacl2,0,Information,<Param>S-1-5-21-1413295808-2032686517-1925176222-500</Param><Param>forensicsacl2</Param><Param>forensicsacl2</Param><Param>0x38c895</Param><Param>MicrosoftAccount:user=02alysbxkrazhqmm</Param><Param>0</Param><Param>0</Param><Param>%%8100</Param><Param>3221226021</Param><Param>2024-06-26T17:01:07.0391904Z</Param><Param>5396</Param>,"<DataItem Type=""System.XmlData"" time=""2024-06-26T17:06:50.8667764Z"" sourceHealthServiceId=""a0cf1214-78a1-4446-8ef1-04b39ec9b972""><EventData xmlns=""http://schemas.microsoft.com/win/2004/08/events/event""><Data Name=""SubjectUserSid"">S-1-5-21-1413295808-2032686517-1925176222-500</Data><Data Name=""SubjectUserName"">forensicsacl2</Data><Data Name=""SubjectDomainName"">forensicsacl2</Data><Data Name=""SubjectLogonId"">0x38c895</Data><Data Name=""TargetName"">MicrosoftAccount:user=02alysbxkrazhqmm</Data><Data Name=""Type"">0</Data><Data Name=""CountOfCredentialsReturned"">0</Data><Data Name=""ReadOperation"">%%8100</Data><Data Name=""ReturnCode"">3221226021</Data><Data Name=""ProcessCreationTime"">2024-06-26T17:01:07.0391904Z</Data><Data Name=""ClientProcessId"">5396</Data></EventData></DataItem>",5379,Credential Manager credentials were read.  Subject: 	Security ID:		S-1-5-21-1413295808-2032686517-1925176222-500 	Account Name:		forensicsacl2 	Account Domain:		forensicsacl2 	Logon ID:		0x38C895 	Read Operation:		Enumerate Credentials  This event occurs when a user performs a read operation on stored credentials in Credential Manager.,,,Auditing,,,00000000-0000-0000-0000-000000000001,AOI-d558e95b-08c4-4c42-b17a-dd6de6332e26,Event,/subscriptions/da2ead26-5eba-476e-90f5-13d2028a4531/resourcegroups/cloudforensics_group/providers/microsoft.compute/virtualmachines/forensicsacl2,2024-06-26 17:06:50.866,2,0.593,26,5.0,1,0.6201785714285715,2024-06-26 17:06:00
d558e95b-08c4-4c42-b17a-dd6de6332e26,OpsManager,2024-06-26 17:06:50.867,Microsoft-Windows-Security-Auditing,Security,forensicsacl2,0,Information,<Param>S-1-5-21-1413295808-2032686517-1925176222-500</Param><Param>forensicsacl2</Param><Param>forensicsacl2</Param><Param>0x38c895</Param><Param>WindowsLive:(cert):name=02alysbxkrazhqmm;serviceuri=*</Param><Param>0</Param><Param>0</Param><Param>%%8100</Param><Param>3221226021</Param><Param>2024-06-26T17:01:07.0391904Z</Param><Param>5396</Param>,"<DataItem Type=""System.XmlData"" time=""2024-06-26T17:06:50.8678054Z"" sourceHealthServiceId=""a0cf1214-78a1-4446-8ef1-04b39ec9b972""><EventData xmlns=""http://schemas.microsoft.com/win/2004/08/events/event""><Data Name=""SubjectUserSid"">S-1-5-21-1413295808-2032686517-1925176222-500</Data><Data Name=""SubjectUserName"">forensicsacl2</Data><Data Name=""SubjectDomainName"">forensicsacl2</Data><Data Name=""SubjectLogonId"">0x38c895</Data><Data Name=""TargetName"">WindowsLive:(cert):name=02alysbxkrazhqmm;serviceuri=*</Data><Data Name=""Type"">0</Data><Data Name=""CountOfCredentialsReturned"">0</Data><Data Name=""ReadOperation"">%%8100</Data><Data Name=""ReturnCode"">3221226021</Data><Data Name=""ProcessCreationTime"">2024-06-26T17:01:07.0391904Z</Data><Data Name=""ClientProcessId"">5396</Data></EventData></DataItem>",5379,Credential Manager credentials were read.  Subject: 	Security ID:		S-1-5-21-1413295808-2032686517-1925176222-500 	Account Name:		forensicsacl2 	Account Domain:		forensicsacl2 	Logon ID:		0x38C895 	Read Operation:		Enumerate Credentials  This event occurs when a user performs a read operation on stored credentials in Credential Manager.,,,Auditing,,,00000000-0000-0000-0000-000000000001,AOI-d558e95b-08c4-4c42-b17a-dd6de6332e26,Event,/subscriptions/da2ead26-5eba-476e-90f5-13d2028a4531/resourcegroups/cloudforensics_group/providers/microsoft.compute/virtualmachines/forensicsacl2,2024-06-26 17:06:50.867,2,0.001,26,5.0,1,0.6201785714285715,2024-06-26 17:06:00
d558e95b-08c4-4c42-b17a-dd6de6332e26,OpsManager,2024-06-26 17:06:51.128,Microsoft-Windows-Security-Auditing,Security,forensicsacl2,0,Information,<Param>S-1-5-21-1413295808-2032686517-1925176222-500</Param><Param>forensicsacl2</Param><Param>forensicsacl2</Param><Param>0x38c895</Param><Param>MicrosoftAccount:user=02alysbxkrazhqmm</Param><Param>0</Param><Param>0</Param><Param>%%8100</Param><Param>3221226021</Param><Param>2024-06-26T17:01:07.0391904Z</Param><Param>5396</Param>,"<DataItem Type=""System.XmlData"" time=""2024-06-26T17:06:51.1280948Z"" sourceHealthServiceId=""a0cf1214-78a1-4446-8ef1-04b39ec9b972""><EventData xmlns=""http://schemas.microsoft.com/win/2004/08/events/event""><Data Name=""SubjectUserSid"">S-1-5-21-1413295808-2032686517-1925176222-500</Data><Data Name=""SubjectUserName"">forensicsacl2</Data><Data Name=""SubjectDomainName"">forensicsacl2</Data><Data Name=""SubjectLogonId"">0x38c895</Data><Data Name=""TargetName"">MicrosoftAccount:user=02alysbxkrazhqmm</Data><Data Name=""Type"">0</Data><Data Name=""CountOfCredentialsReturned"">0</Data><Data Name=""ReadOperation"">%%8100</Data><Data Name=""ReturnCode"">3221226021</Data><Data Name=""ProcessCreationTime"">2024-06-26T17:01:07.0391904Z</Data><Data Name=""ClientProcessId"">5396</Data></EventData></DataItem>",5379,Credential Manager credentials were read.  Subject: 	Security ID:		S-1-5-21-1413295808-2032686517-1925176222-500 	Account Name:		forensicsacl2 	Account Domain:		forensicsacl2 	Logon ID:		0x38C895 	Read Operation:		Enumerate Credentials  This event occurs when a user performs a read operation on stored credentials in Credential Manager.,,,Auditing,,,00000000-0000-0000-0000-000000000001,AOI-d558e95b-08c4-4c42-b17a-dd6de6332e26,Event,/subscriptions/da2ead26-5eba-476e-90f5-13d2028a4531/resourcegroups/cloudforensics_group/providers/microsoft.compute/virtualmachines/forensicsacl2,2024-06-26 17:06:51.128,2,0.261,26,5.0,1,0.6201785714285715,2024-06-26 17:06:00
